\BOOKMARK [1][-]{section.1}{Business Requirements}{}% 1
\BOOKMARK [2][-]{subsection.1.1}{Background}{section.1}% 2
\BOOKMARK [2][-]{subsection.1.2}{Vision}{section.1}% 3
\BOOKMARK [2][-]{subsection.1.3}{Scope}{section.1}% 4
\BOOKMARK [2][-]{subsection.1.4}{System Functions}{section.1}% 5
\BOOKMARK [2][-]{subsection.1.5}{Assumptions}{section.1}% 6
\BOOKMARK [2][-]{subsection.1.6}{Constraints}{section.1}% 7
\BOOKMARK [2][-]{subsection.1.7}{Methodology}{section.1}% 8
\BOOKMARK [1][-]{section.2}{System Requirements and Design}{}% 9
\BOOKMARK [2][-]{subsection.2.1}{Architectural Design}{section.2}% 10
\BOOKMARK [3][-]{subsubsection.2.1.1}{Overview}{subsection.2.1}% 11
\BOOKMARK [3][-]{subsubsection.2.1.2}{Micro-services Architecture}{subsection.2.1}% 12
\BOOKMARK [3][-]{subsubsection.2.1.3}{Non-Functional Requirements}{subsection.2.1}% 13
\BOOKMARK [3][-]{subsubsection.2.1.4}{Architectural Patterns}{subsection.2.1}% 14
\BOOKMARK [1][-]{section.3}{System Modules}{}% 15
\BOOKMARK [2][-]{subsection.3.1}{Admin Subsystem}{section.3}% 16
\BOOKMARK [3][-]{subsubsection.3.1.1}{Login}{subsection.3.1}% 17
\BOOKMARK [3][-]{subsubsection.3.1.2}{View profile}{subsection.3.1}% 18
\BOOKMARK [3][-]{subsubsection.3.1.3}{Update profile}{subsection.3.1}% 19
\BOOKMARK [3][-]{subsubsection.3.1.4}{Logout}{subsection.3.1}% 20
\BOOKMARK [2][-]{subsection.3.2}{Product Subsystem}{section.3}% 21
\BOOKMARK [3][-]{subsubsection.3.2.1}{Create item}{subsection.3.2}% 22
\BOOKMARK [3][-]{subsubsection.3.2.2}{View item}{subsection.3.2}% 23
\BOOKMARK [3][-]{subsubsection.3.2.3}{Update item}{subsection.3.2}% 24
\BOOKMARK [3][-]{subsubsection.3.2.4}{Delete item}{subsection.3.2}% 25
\BOOKMARK [3][-]{subsubsection.3.2.5}{Create special}{subsection.3.2}% 26
\BOOKMARK [3][-]{subsubsection.3.2.6}{View special}{subsection.3.2}% 27
\BOOKMARK [3][-]{subsubsection.3.2.7}{Update special}{subsection.3.2}% 28
\BOOKMARK [3][-]{subsubsection.3.2.8}{Delete special}{subsection.3.2}% 29
\BOOKMARK [3][-]{subsubsection.3.2.9}{Search items}{subsection.3.2}% 30
\BOOKMARK [3][-]{subsubsection.3.2.10}{Browse items}{subsection.3.2}% 31
\BOOKMARK [3][-]{subsubsection.3.2.11}{Filter items}{subsection.3.2}% 32
\BOOKMARK [1][-]{section.4}{System Services}{}% 33
\BOOKMARK [2][-]{subsection.4.1}{Search Service}{section.4}% 34
\BOOKMARK [2][-]{subsection.4.2}{Pricing Service}{section.4}% 35
\BOOKMARK [2][-]{subsection.4.3}{Authentication Service}{section.4}% 36
\BOOKMARK [2][-]{subsection.4.4}{Product Service}{section.4}% 37
\BOOKMARK [2][-]{subsection.4.5}{System Use Case Diagram}{section.4}% 38
\BOOKMARK [2][-]{subsection.4.6}{System Sequence Diagram}{section.4}% 39
\BOOKMARK [2][-]{subsection.4.7}{Domain Model}{section.4}% 40
